c:\users\병수\desktop\cg\computer-graphics-ray-tracing-master\ray tracing\debug\objects.obj
c:\users\병수\desktop\cg\computer-graphics-ray-tracing-master\ray tracing\debug\rays.obj
c:\users\병수\desktop\cg\computer-graphics-ray-tracing-master\ray tracing\debug\raytracedemo.obj
c:\users\병수\desktop\cg\computer-graphics-ray-tracing-master\ray tracing\debug\vector3.obj
c:\users\병수\desktop\cg\computer-graphics-ray-tracing-master\ray tracing\debug\vc110.pdb
c:\users\병수\desktop\cg\computer-graphics-ray-tracing-master\ray tracing\debug\ray tracing.ilk
c:\users\병수\desktop\cg\computer-graphics-ray-tracing-master\ray tracing\debug\ray tracing.exe
c:\users\병수\desktop\cg\computer-graphics-ray-tracing-master\ray tracing\debug\ray tracing.pdb
c:\users\i858147\documents\anderson\unisinos\computação gráfica avançada\opengl\anderson e andrew ga\raytracing\ray_tracing\ray tracing\debug\vc141.pdb
c:\users\i858147\documents\anderson\unisinos\computação gráfica avançada\opengl\anderson e andrew ga\raytracing\ray_tracing\ray tracing\debug\vc141.idb
c:\users\i858147\documents\anderson\unisinos\computação gráfica avançada\opengl\anderson e andrew ga\raytracing\ray_tracing\ray tracing\debug\objects.obj
c:\users\i858147\documents\anderson\unisinos\computação gráfica avançada\opengl\anderson e andrew ga\raytracing\ray_tracing\ray tracing\debug\rays.obj
c:\users\i858147\documents\anderson\unisinos\computação gráfica avançada\opengl\anderson e andrew ga\raytracing\ray_tracing\ray tracing\debug\raytracedemo.obj
c:\users\i858147\documents\anderson\unisinos\computação gráfica avançada\opengl\anderson e andrew ga\raytracing\ray_tracing\ray tracing\debug\vector3.obj
d:\unisinos\cg avançado\anderson e andrew ga\raytracing\ray_tracing\ray tracing\debug\vc141.pdb
d:\unisinos\cg avançado\anderson e andrew ga\raytracing\ray_tracing\ray tracing\debug\vc141.idb
d:\unisinos\cg avançado\anderson e andrew ga\raytracing\ray_tracing\ray tracing\debug\objects.obj
d:\unisinos\cg avançado\anderson e andrew ga\raytracing\ray_tracing\ray tracing\debug\vector3.obj
c:\users\i858147\documents\anderson\unisinos\computação gráfica avançada\opengl\anderson e andrew ga\raytracing\ray_tracing\ray tracing\debug\ray tracing.ilk
c:\users\i858147\documents\anderson\unisinos\computação gráfica avançada\opengl\anderson e andrew ga\raytracing\ray_tracing\ray tracing\debug\ray tracing.exe
c:\users\i858147\documents\anderson\unisinos\computação gráfica avançada\opengl\anderson e andrew ga\raytracing\ray_tracing\ray tracing\debug\ray tracing.pdb
d:\unisinos\cg avançado\anderson e andrew ga\raytracing\ray_tracing\ray tracing\debug\ray tracing.vcxprojresolveassemblyreference.cache
d:\unisinos\cg avançado\anderson e andrew ga\raytracing\ray_tracing\ray tracing\debug\ray tracing.ilk
d:\unisinos\cg avançado\anderson e andrew ga\raytracing\ray_tracing\ray tracing\debug\lnk{f23b95f1-f5ce-4505-b636-2a0c9950797e}.tmp
d:\unisinos\cg avançado\anderson e andrew ga\raytracing\ray_tracing\ray tracing\debug\cl.command.1.tlog
d:\unisinos\cg avançado\anderson e andrew ga\raytracing\ray_tracing\ray tracing\debug\cl.read.1.tlog
d:\unisinos\cg avançado\anderson e andrew ga\raytracing\ray_tracing\ray tracing\debug\cl.write.1.tlog
d:\unisinos\cg avançado\anderson e andrew ga\raytracing\ray_tracing\ray tracing\debug\link-cvtres.read.1.tlog
d:\unisinos\cg avançado\anderson e andrew ga\raytracing\ray_tracing\ray tracing\debug\link-cvtres.write.1.tlog
d:\unisinos\cg avançado\anderson e andrew ga\raytracing\ray_tracing\ray tracing\debug\link-rc.read.1.tlog
d:\unisinos\cg avançado\anderson e andrew ga\raytracing\ray_tracing\ray tracing\debug\link-rc.write.1.tlog
d:\unisinos\cg avançado\anderson e andrew ga\raytracing\ray_tracing\ray tracing\debug\link.10216-cvtres.read.1.tlog
d:\unisinos\cg avançado\anderson e andrew ga\raytracing\ray_tracing\ray tracing\debug\link.10216-cvtres.write.1.tlog
d:\unisinos\cg avançado\anderson e andrew ga\raytracing\ray_tracing\ray tracing\debug\link.10216-rc.read.1.tlog
d:\unisinos\cg avançado\anderson e andrew ga\raytracing\ray_tracing\ray tracing\debug\link.10216-rc.write.1.tlog
d:\unisinos\cg avançado\anderson e andrew ga\raytracing\ray_tracing\ray tracing\debug\link.10216.read.1.tlog
d:\unisinos\cg avançado\anderson e andrew ga\raytracing\ray_tracing\ray tracing\debug\link.10216.write.1.tlog
d:\unisinos\cg avançado\anderson e andrew ga\raytracing\ray_tracing\ray tracing\debug\link.12976-cvtres.read.1.tlog
d:\unisinos\cg avançado\anderson e andrew ga\raytracing\ray_tracing\ray tracing\debug\link.12976-cvtres.write.1.tlog
d:\unisinos\cg avançado\anderson e andrew ga\raytracing\ray_tracing\ray tracing\debug\link.12976-rc.read.1.tlog
d:\unisinos\cg avançado\anderson e andrew ga\raytracing\ray_tracing\ray tracing\debug\link.12976-rc.write.1.tlog
d:\unisinos\cg avançado\anderson e andrew ga\raytracing\ray_tracing\ray tracing\debug\link.12976.read.1.tlog
d:\unisinos\cg avançado\anderson e andrew ga\raytracing\ray_tracing\ray tracing\debug\link.12976.write.1.tlog
d:\unisinos\cg avançado\anderson e andrew ga\raytracing\ray_tracing\ray tracing\debug\link.4900-cvtres.read.1.tlog
d:\unisinos\cg avançado\anderson e andrew ga\raytracing\ray_tracing\ray tracing\debug\link.4900-cvtres.write.1.tlog
d:\unisinos\cg avançado\anderson e andrew ga\raytracing\ray_tracing\ray tracing\debug\link.4900-rc.read.1.tlog
d:\unisinos\cg avançado\anderson e andrew ga\raytracing\ray_tracing\ray tracing\debug\link.4900-rc.write.1.tlog
d:\unisinos\cg avançado\anderson e andrew ga\raytracing\ray_tracing\ray tracing\debug\link.4900.read.1.tlog
d:\unisinos\cg avançado\anderson e andrew ga\raytracing\ray_tracing\ray tracing\debug\link.4900.write.1.tlog
d:\unisinos\cg avançado\anderson e andrew ga\raytracing\ray_tracing\ray tracing\debug\link.7388-cvtres.read.1.tlog
d:\unisinos\cg avançado\anderson e andrew ga\raytracing\ray_tracing\ray tracing\debug\link.7388-cvtres.write.1.tlog
d:\unisinos\cg avançado\anderson e andrew ga\raytracing\ray_tracing\ray tracing\debug\link.7388-rc.read.1.tlog
d:\unisinos\cg avançado\anderson e andrew ga\raytracing\ray_tracing\ray tracing\debug\link.7388-rc.write.1.tlog
d:\unisinos\cg avançado\anderson e andrew ga\raytracing\ray_tracing\ray tracing\debug\link.7388.read.1.tlog
d:\unisinos\cg avançado\anderson e andrew ga\raytracing\ray_tracing\ray tracing\debug\link.7388.write.1.tlog
d:\unisinos\cg avançado\anderson e andrew ga\raytracing\ray_tracing\ray tracing\debug\link.8760-cvtres.read.1.tlog
d:\unisinos\cg avançado\anderson e andrew ga\raytracing\ray_tracing\ray tracing\debug\link.8760-cvtres.write.1.tlog
d:\unisinos\cg avançado\anderson e andrew ga\raytracing\ray_tracing\ray tracing\debug\link.8760-rc.read.1.tlog
d:\unisinos\cg avançado\anderson e andrew ga\raytracing\ray_tracing\ray tracing\debug\link.8760-rc.write.1.tlog
d:\unisinos\cg avançado\anderson e andrew ga\raytracing\ray_tracing\ray tracing\debug\link.8760.read.1.tlog
d:\unisinos\cg avançado\anderson e andrew ga\raytracing\ray_tracing\ray tracing\debug\link.8760.write.1.tlog
d:\unisinos\cg avançado\anderson e andrew ga\raytracing\ray_tracing\ray tracing\debug\link.9924-cvtres.read.1.tlog
d:\unisinos\cg avançado\anderson e andrew ga\raytracing\ray_tracing\ray tracing\debug\link.9924-cvtres.write.1.tlog
d:\unisinos\cg avançado\anderson e andrew ga\raytracing\ray_tracing\ray tracing\debug\link.9924-rc.read.1.tlog
d:\unisinos\cg avançado\anderson e andrew ga\raytracing\ray_tracing\ray tracing\debug\link.9924-rc.write.1.tlog
d:\unisinos\cg avançado\anderson e andrew ga\raytracing\ray_tracing\ray tracing\debug\link.9924.read.1.tlog
d:\unisinos\cg avançado\anderson e andrew ga\raytracing\ray_tracing\ray tracing\debug\link.9924.write.1.tlog
d:\unisinos\cg avançado\anderson e andrew ga\raytracing\ray_tracing\ray tracing\debug\link.command.1.tlog
d:\unisinos\cg avançado\anderson e andrew ga\raytracing\ray_tracing\ray tracing\debug\link.read.1.tlog
d:\unisinos\cg avançado\anderson e andrew ga\raytracing\ray_tracing\ray tracing\debug\link.write.1.tlog
d:\unisinos\cg avançado\anderson e andrew ga\raytracing\ray_tracing\ray tracing\debug\vc110.idb
d:\unisinos\cg avançado\anderson e andrew ga\raytracing\ray_tracing\ray tracing\debug\ray tracing.pdb
d:\unisinos\cg avançado\anderson e andrew ga\raytracing\ray_tracing\ray tracing\debug\vc110.pdb
d:\unisinos\cg avançado\anderson e andrew ga\raytracing\ray_tracing\ray tracing\debug\ray tracing.exe
d:\unisinos\cg avançado\anderson e andrew ga\raytracing\ray_tracing\ray tracing\debug\ray tracing.tlog\cl.command.1.tlog
d:\unisinos\cg avançado\anderson e andrew ga\raytracing\ray_tracing\ray tracing\debug\ray tracing.tlog\cl.read.1.tlog
d:\unisinos\cg avançado\anderson e andrew ga\raytracing\ray_tracing\ray tracing\debug\ray tracing.tlog\cl.write.1.tlog
d:\unisinos\cg avançado\anderson e andrew ga\raytracing\ray_tracing\ray tracing\debug\ray tracing.tlog\link.command.1.tlog
d:\unisinos\cg avançado\anderson e andrew ga\raytracing\ray_tracing\ray tracing\debug\ray tracing.tlog\link.delete.1.tlog
d:\unisinos\cg avançado\anderson e andrew ga\raytracing\ray_tracing\ray tracing\debug\ray tracing.tlog\link.read.1.tlog
d:\unisinos\cg avançado\anderson e andrew ga\raytracing\ray_tracing\ray tracing\debug\ray tracing.tlog\link.write.1.tlog
