c:\users\병수\desktop\cg\computer-graphics-ray-tracing-master\ray tracing\release\vector3.obj
c:\users\병수\desktop\cg\computer-graphics-ray-tracing-master\ray tracing\release\raytracedemo.obj
c:\users\병수\desktop\cg\computer-graphics-ray-tracing-master\ray tracing\release\rays.obj
c:\users\병수\desktop\cg\computer-graphics-ray-tracing-master\ray tracing\release\objects.obj
c:\users\병수\desktop\cg\computer-graphics-ray-tracing-master\ray tracing\release\vc110.pdb
c:\users\병수\desktop\cg\computer-graphics-ray-tracing-master\ray tracing\release\ray tracing.exe
c:\users\병수\desktop\cg\computer-graphics-ray-tracing-master\ray tracing\release\ray tracing.pdb
c:\users\i848571\documents\unisinos\técnicas avançadas de computação gráfica\raytracing-master\raytracing-master\ray_tracing\ray tracing\release\ray tracing.vcxprojresolveassemblyreference.cache
c:\users\i848571\documents\unisinos\técnicas avançadas de computação gráfica\raytracing-master\raytracing-master\ray_tracing\ray tracing\release\objects.obj
c:\users\i848571\documents\unisinos\técnicas avançadas de computação gráfica\raytracing-master\raytracing-master\ray_tracing\ray tracing\release\rays.obj
c:\users\i848571\documents\unisinos\técnicas avançadas de computação gráfica\raytracing-master\raytracing-master\ray_tracing\ray tracing\release\raytracedemo.obj
c:\users\i848571\documents\unisinos\técnicas avançadas de computação gráfica\raytracing-master\raytracing-master\ray_tracing\ray tracing\release\vector3.obj
c:\users\i848571\documents\unisinos\técnicas avançadas de computação gráfica\raytracing-master\raytracing-master\ray_tracing\ray tracing\release\cl.command.1.tlog
c:\users\i848571\documents\unisinos\técnicas avançadas de computação gráfica\raytracing-master\raytracing-master\ray_tracing\ray tracing\release\cl.read.1.tlog
c:\users\i848571\documents\unisinos\técnicas avançadas de computação gráfica\raytracing-master\raytracing-master\ray_tracing\ray tracing\release\cl.write.1.tlog
c:\users\i848571\documents\unisinos\técnicas avançadas de computação gráfica\raytracing-master\raytracing-master\ray_tracing\ray tracing\release\link-cvtres.read.1.tlog
c:\users\i848571\documents\unisinos\técnicas avançadas de computação gráfica\raytracing-master\raytracing-master\ray_tracing\ray tracing\release\link-cvtres.write.1.tlog
c:\users\i848571\documents\unisinos\técnicas avançadas de computação gráfica\raytracing-master\raytracing-master\ray_tracing\ray tracing\release\link-rc.read.1.tlog
c:\users\i848571\documents\unisinos\técnicas avançadas de computação gráfica\raytracing-master\raytracing-master\ray_tracing\ray tracing\release\link-rc.write.1.tlog
c:\users\i848571\documents\unisinos\técnicas avançadas de computação gráfica\raytracing-master\raytracing-master\ray_tracing\ray tracing\release\link.command.1.tlog
c:\users\i848571\documents\unisinos\técnicas avançadas de computação gráfica\raytracing-master\raytracing-master\ray_tracing\ray tracing\release\link.read.1.tlog
c:\users\i848571\documents\unisinos\técnicas avançadas de computação gráfica\raytracing-master\raytracing-master\ray_tracing\ray tracing\release\link.write.1.tlog
c:\users\i848571\documents\unisinos\técnicas avançadas de computação gráfica\raytracing-master\raytracing-master\ray_tracing\ray tracing\release\ray tracing.pdb
c:\users\i848571\documents\unisinos\técnicas avançadas de computação gráfica\raytracing-master\raytracing-master\ray_tracing\ray tracing\release\vc110.pdb
c:\users\i848571\documents\unisinos\técnicas avançadas de computação gráfica\raytracing-master\raytracing-master\ray_tracing\ray tracing\release\ray tracing.exe
